# JRE version: Java(TM) SE Runtime Environment (8.0_101-b13) (build 1.8.0_101-b13)
# Java VM: Java HotSpot(TM) 64-Bit Server VM (25.101-b13 mixed mode linux-amd64 compressed oops)
Heap:
 PSYoungGen      total 200192K, used 32K [0x00000000ec000000, 0x00000000f8780000, 0x0000000100000000)
  eden space 196096K, 0% used [0x00000000ec000000,0x00000000ec000000,0x00000000f7f80000)
  from space 4096K, 0% used [0x00000000f7f80000,0x00000000f7f88000,0x00000000f8380000)
  to   space 4096K, 0% used [0x00000000f8380000,0x00000000f8380000,0x00000000f8780000)
 ParOldGen       total 40960K, used 2829K [0x00000000c4000000, 0x00000000c6800000, 0x00000000ec000000)
  object space 40960K, 6% used [0x00000000c4000000,0x00000000c42c3490,0x00000000c6800000)
 Metaspace       used 12282K, capacity 12438K, committed 12800K, reserved 1060864K
  class space    used 1413K, capacity 1482K, committed 1536K, reserved 1048576K
GC Heap History (10 events):
Event: 2,396 GC heap after
Heap after GC invocations=6 (full 0):
 PSYoungGen      total 64512K, used 2544K [0x00000000ec000000, 0x00000000f0200000, 0x0000000100000000)
  eden space 61440K, 0% used [0x00000000ec000000,0x00000000ec000000,0x00000000efc00000)
  from space 3072K, 82% used [0x00000000eff00000,0x00000000f017c010,0x00000000f0200000)
  to   space 3072K, 0% used [0x00000000efc00000,0x00000000efc00000,0x00000000eff00000)
 ParOldGen       total 40960K, used 262K [0x00000000c4000000, 0x00000000c6800000, 0x00000000ec000000)
  object space 40960K, 0% used [0x00000000c4000000,0x00000000c40419a0,0x00000000c6800000)
 Metaspace       used 12172K, capacity 12342K, committed 12544K, reserved 1060864K
  class space    used 1390K, capacity 1450K, committed 1536K, reserved 1048576K
}
Event: 2,481 GC heap before
{Heap before GC invocations=7 (full 0):
 PSYoungGen      total 64512K, used 63984K [0x00000000ec000000, 0x00000000f0200000, 0x0000000100000000)
  eden space 61440K, 100% used [0x00000000ec000000,0x00000000efc00000,0x00000000efc00000)
  from space 3072K, 82% used [0x00000000eff00000,0x00000000f017c010,0x00000000f0200000)
  to   space 3072K, 0% used [0x00000000efc00000,0x00000000efc00000,0x00000000eff00000)
 ParOldGen       total 40960K, used 262K [0x00000000c4000000, 0x00000000c6800000, 0x00000000ec000000)
  object space 40960K, 0% used [0x00000000c4000000,0x00000000c40419a0,0x00000000c6800000)
 Metaspace       used 12173K, capacity 12342K, committed 12544K, reserved 1060864K
  class space    used 1390K, capacity 1450K, committed 1536K, reserved 1048576K
Event: 2,485 GC heap after
Heap after GC invocations=7 (full 0):
 PSYoungGen      total 64512K, used 32K [0x00000000ec000000, 0x00000000f3f00000, 0x0000000100000000)
  eden space 61440K, 0% used [0x00000000ec000000,0x00000000ec000000,0x00000000efc00000)
  from space 3072K, 1% used [0x00000000efc00000,0x00000000efc08000,0x00000000eff00000)
  to   space 3584K, 0% used [0x00000000f3b80000,0x00000000f3b80000,0x00000000f3f00000)
 ParOldGen       total 40960K, used 2765K [0x00000000c4000000, 0x00000000c6800000, 0x00000000ec000000)
  object space 40960K, 6% used [0x00000000c4000000,0x00000000c42b3490,0x00000000c6800000)
 Metaspace       used 12173K, capacity 12342K, committed 12544K, reserved 1060864K
  class space    used 1390K, capacity 1450K, committed 1536K, reserved 1048576K
}
Event: 2,549 GC heap before
{Heap before GC invocations=8 (full 0):
 PSYoungGen      total 64512K, used 61472K [0x00000000ec000000, 0x00000000f3f00000, 0x0000000100000000)
  eden space 61440K, 100% used [0x00000000ec000000,0x00000000efc00000,0x00000000efc00000)
  from space 3072K, 1% used [0x00000000efc00000,0x00000000efc08000,0x00000000eff00000)
  to   space 3584K, 0% used [0x00000000f3b80000,0x00000000f3b80000,0x00000000f3f00000)
 ParOldGen       total 40960K, used 2765K [0x00000000c4000000, 0x00000000c6800000, 0x00000000ec000000)
  object space 40960K, 6% used [0x00000000c4000000,0x00000000c42b3490,0x00000000c6800000)
 Metaspace       used 12173K, capacity 12342K, committed 12544K, reserved 1060864K
  class space    used 1390K, capacity 1450K, committed 1536K, reserved 1048576K
Event: 2,551 GC heap after
Heap after GC invocations=8 (full 0):
 PSYoungGen      total 125952K, used 32K [0x00000000ec000000, 0x00000000f4000000, 0x0000000100000000)
  eden space 122368K, 0% used [0x00000000ec000000,0x00000000ec000000,0x00000000f3780000)
  from space 3584K, 0% used [0x00000000f3b80000,0x00000000f3b88000,0x00000000f3f00000)
  to   space 4096K, 0% used [0x00000000f3780000,0x00000000f3780000,0x00000000f3b80000)
 ParOldGen       total 40960K, used 2765K [0x00000000c4000000, 0x00000000c6800000, 0x00000000ec000000)
  object space 40960K, 6% used [0x00000000c4000000,0x00000000c42b3490,0x00000000c6800000)
 Metaspace       used 12173K, capacity 12342K, committed 12544K, reserved 1060864K
  class space    used 1390K, capacity 1450K, committed 1536K, reserved 1048576K
}
Event: 5,109 GC heap before
{Heap before GC invocations=9 (full 0):
 PSYoungGen      total 125952K, used 122400K [0x00000000ec000000, 0x00000000f4000000, 0x0000000100000000)
  eden space 122368K, 100% used [0x00000000ec000000,0x00000000f3780000,0x00000000f3780000)
  from space 3584K, 0% used [0x00000000f3b80000,0x00000000f3b88000,0x00000000f3f00000)
  to   space 4096K, 0% used [0x00000000f3780000,0x00000000f3780000,0x00000000f3b80000)
 ParOldGen       total 40960K, used 2765K [0x00000000c4000000, 0x00000000c6800000, 0x00000000ec000000)
  object space 40960K, 6% used [0x00000000c4000000,0x00000000c42b3490,0x00000000c6800000)
 Metaspace       used 12282K, capacity 12438K, committed 12800K, reserved 1060864K
  class space    used 1413K, capacity 1482K, committed 1536K, reserved 1048576K
Event: 5,110 GC heap after
Heap after GC invocations=9 (full 0):
 PSYoungGen      total 126464K, used 160K [0x00000000ec000000, 0x00000000f8780000, 0x0000000100000000)
  eden space 122368K, 0% used [0x00000000ec000000,0x00000000ec000000,0x00000000f3780000)
  from space 4096K, 3% used [0x00000000f3780000,0x00000000f37a8000,0x00000000f3b80000)
  to   space 4096K, 0% used [0x00000000f8380000,0x00000000f8380000,0x00000000f8780000)
 ParOldGen       total 40960K, used 2765K [0x00000000c4000000, 0x00000000c6800000, 0x00000000ec000000)
  object space 40960K, 6% used [0x00000000c4000000,0x00000000c42b3490,0x00000000c6800000)
 Metaspace       used 12282K, capacity 12438K, committed 12800K, reserved 1060864K
  class space    used 1413K, capacity 1482K, committed 1536K, reserved 1048576K
}
Event: 5,239 GC heap before
{Heap before GC invocations=10 (full 0):
 PSYoungGen      total 126464K, used 122528K [0x00000000ec000000, 0x00000000f8780000, 0x0000000100000000)
  eden space 122368K, 100% used [0x00000000ec000000,0x00000000f3780000,0x00000000f3780000)
  from space 4096K, 3% used [0x00000000f3780000,0x00000000f37a8000,0x00000000f3b80000)
  to   space 4096K, 0% used [0x00000000f8380000,0x00000000f8380000,0x00000000f8780000)
 ParOldGen       total 40960K, used 2765K [0x00000000c4000000, 0x00000000c6800000, 0x00000000ec000000)
  object space 40960K, 6% used [0x00000000c4000000,0x00000000c42b3490,0x00000000c6800000)
 Metaspace       used 12282K, capacity 12438K, committed 12800K, reserved 1060864K
  class space    used 1413K, capacity 1482K, committed 1536K, reserved 1048576K
Event: 5,241 GC heap after
Heap after GC invocations=10 (full 0):
 PSYoungGen      total 200192K, used 128K [0x00000000ec000000, 0x00000000f8780000, 0x0000000100000000)
  eden space 196096K, 0% used [0x00000000ec000000,0x00000000ec000000,0x00000000f7f80000)
  from space 4096K, 3% used [0x00000000f8380000,0x00000000f83a0000,0x00000000f8780000)
  to   space 4096K, 0% used [0x00000000f7f80000,0x00000000f7f80000,0x00000000f8380000)
 ParOldGen       total 40960K, used 2765K [0x00000000c4000000, 0x00000000c6800000, 0x00000000ec000000)
  object space 40960K, 6% used [0x00000000c4000000,0x00000000c42b3490,0x00000000c6800000)
 Metaspace       used 12282K, capacity 12438K, committed 12800K, reserved 1060864K
  class space    used 1413K, capacity 1482K, committed 1536K, reserved 1048576K
}
Event: 5,479 GC heap before
{Heap before GC invocations=11 (full 0):
 PSYoungGen      total 200192K, used 196224K [0x00000000ec000000, 0x00000000f8780000, 0x0000000100000000)
  eden space 196096K, 100% used [0x00000000ec000000,0x00000000f7f80000,0x00000000f7f80000)
  from space 4096K, 3% used [0x00000000f8380000,0x00000000f83a0000,0x00000000f8780000)
  to   space 4096K, 0% used [0x00000000f7f80000,0x00000000f7f80000,0x00000000f8380000)
 ParOldGen       total 40960K, used 2765K [0x00000000c4000000, 0x00000000c6800000, 0x00000000ec000000)
  object space 40960K, 6% used [0x00000000c4000000,0x00000000c42b3490,0x00000000c6800000)
 Metaspace       used 12282K, capacity 12438K, committed 12800K, reserved 1060864K
  class space    used 1413K, capacity 1482K, committed 1536K, reserved 1048576K

